2022-03-22 23:29:26,206 [Worker-4: Loading available Gradle versions] INFO  o.e.b.c.i.u.g.PublishedGradleVersions - Gradle version information cache is out-of-date. Trying to update.
2022-03-22 23:29:37,060 [Worker-4: Loading available Gradle versions] INFO  o.e.b.c.i.u.g.PublishedGradleVersions - Updating Gradle version information cache failed. Using outdated cache.
2022-03-22 23:31:50,058 [Worker-3: Update Maven projects configuration] INFO  o.e.m.c.i.p.ProjectConfigurationManager - Update started
2022-03-22 23:31:51,443 [Worker-3: Update Maven projects configuration] INFO  o.e.m.c.i.l.LifecycleMappingFactory - Using org.eclipse.m2e.jdt.JarLifecycleMapping lifecycle mapping for MavenProject: org.example:ShopmeWebParent:1.0-SNAPSHOT @ C:\Users\akumar5\OneDrive - Infor\Documents\FullStack\ShopMeProject\ShopmeWebParent\pom.xml.
2022-03-22 23:31:52,432 [Worker-3: Update Maven projects configuration] INFO  o.e.m.j.i.AbstractJavaProjectConfigurator - Adding source folder /ShopmeWebParent/src/main/java
2022-03-22 23:31:52,433 [Worker-3: Update Maven projects configuration] INFO  o.e.m.j.i.AbstractJavaProjectConfigurator - Adding resource folder /ShopmeWebParent/src/main/resources
2022-03-22 23:31:52,437 [Worker-3: Update Maven projects configuration] INFO  o.e.m.j.i.AbstractJavaProjectConfigurator - Adding source folder /ShopmeWebParent/src/test/java
2022-03-22 23:31:52,608 [Worker-13: Building] INFO  o.e.m.c.i.l.LifecycleMappingFactory - Using org.eclipse.m2e.jdt.JarLifecycleMapping lifecycle mapping for MavenProject: org.example:ShopmeCommon:1.0-SNAPSHOT @ C:\Users\akumar5\OneDrive - Infor\Documents\FullStack\ShopMeProject\ShopmeCommon\pom.xml.
2022-03-22 23:31:53,044 [Worker-13: Building] WARN  o.e.m.c.i.embedder.EclipseLogger - Using platform encoding (Cp1252 actually) to copy filtered resources, i.e. build is platform dependent!
2022-03-22 23:31:53,050 [Worker-13: Building] INFO  o.e.m.c.i.embedder.EclipseLogger - Copying 0 resource
2022-03-22 23:31:53,054 [Worker-13: Building] WARN  o.e.m.c.i.embedder.EclipseLogger - Using platform encoding (Cp1252 actually) to copy filtered resources, i.e. build is platform dependent!
2022-03-22 23:31:53,056 [Worker-13: Building] INFO  o.e.m.c.i.embedder.EclipseLogger - skip non existing resourceDirectory C:\Users\akumar5\OneDrive - Infor\Documents\FullStack\ShopMeProject\ShopmeCommon\src\test\resources
2022-03-22 23:31:53,203 [Worker-13: Building] WARN  o.e.m.c.i.embedder.EclipseLogger - Using platform encoding (Cp1252 actually) to copy filtered resources, i.e. build is platform dependent!
2022-03-22 23:31:53,205 [Worker-13: Building] INFO  o.e.m.c.i.embedder.EclipseLogger - Copying 0 resource
2022-03-22 23:31:53,207 [Worker-13: Building] WARN  o.e.m.c.i.embedder.EclipseLogger - Using platform encoding (Cp1252 actually) to copy filtered resources, i.e. build is platform dependent!
2022-03-22 23:31:53,208 [Worker-13: Building] INFO  o.e.m.c.i.embedder.EclipseLogger - skip non existing resourceDirectory C:\Users\akumar5\OneDrive - Infor\Documents\FullStack\ShopMeProject\ShopmeWebParent\src\test\resources
2022-03-22 23:31:55,588 [Worker-3: Update Maven projects configuration] INFO  o.e.m.c.i.p.ProjectConfigurationManager - Update completed: 5 sec
2022-03-22 23:31:55,591 [Worker-3: Update Maven projects configuration] INFO  o.e.m.c.i.p.ProjectConfigurationManager - Update started
2022-03-22 23:31:56,063 [Worker-3: Update Maven projects configuration] INFO  o.e.m.c.i.l.LifecycleMappingFactory - Using org.eclipse.m2e.jdt.JarLifecycleMapping lifecycle mapping for MavenProject: org.example:ShopmeCommon:1.0-SNAPSHOT @ C:\Users\akumar5\OneDrive - Infor\Documents\FullStack\ShopMeProject\ShopmeCommon\pom.xml.
2022-03-22 23:31:56,287 [Worker-12: Download sources and javadoc] INFO  o.e.m.c.i.e.AbstractTransferListenerAdapter - Downloading https://repo.maven.apache.org/maven2/org/springframework/boot/spring-boot-starter-jdbc/2.6.4/spring-boot-starter-jdbc-2.6.4-sources.jar
2022-03-22 23:31:56,346 [Worker-3: Update Maven projects configuration] INFO  o.e.m.c.i.l.LifecycleMappingFactory - Using org.eclipse.m2e.jdt.JarLifecycleMapping lifecycle mapping for MavenProject: org.example:ShopmeWebParent:1.0-SNAPSHOT @ C:\Users\akumar5\OneDrive - Infor\Documents\FullStack\ShopMeProject\ShopmeWebParent\pom.xml.
2022-03-22 23:31:56,741 [Worker-3: Update Maven projects configuration] INFO  o.e.m.j.i.AbstractJavaProjectConfigurator - Adding source folder /ShopmeWebParent/src/main/java
2022-03-22 23:31:56,742 [Worker-3: Update Maven projects configuration] INFO  o.e.m.j.i.AbstractJavaProjectConfigurator - Adding resource folder /ShopmeWebParent/src/main/resources
2022-03-22 23:31:56,745 [Worker-3: Update Maven projects configuration] INFO  o.e.m.j.i.AbstractJavaProjectConfigurator - Adding source folder /ShopmeWebParent/src/test/java
2022-03-22 23:31:56,858 [Worker-12: Download sources and javadoc] INFO  o.e.m.c.i.e.AbstractTransferListenerAdapter - Downloaded https://repo.maven.apache.org/maven2/org/springframework/boot/spring-boot-starter-jdbc/2.6.4/spring-boot-starter-jdbc-2.6.4-sources.jar
2022-03-22 23:31:56,865 [Worker-12: Download sources and javadoc] INFO  o.e.m.j.internal.DownloadSourcesJob - Downloaded sources for org.springframework.boot:spring-boot-starter-jdbc:2.6.4
2022-03-22 23:31:57,127 [Worker-3: Update Maven projects configuration] INFO  o.e.m.j.i.AbstractJavaProjectConfigurator - Adding source folder /ShopmeCommon/src/main/java
2022-03-22 23:31:57,127 [Worker-3: Update Maven projects configuration] INFO  o.e.m.j.i.AbstractJavaProjectConfigurator - Adding resource folder /ShopmeCommon/src/main/resources
2022-03-22 23:31:57,129 [Worker-3: Update Maven projects configuration] INFO  o.e.m.j.i.AbstractJavaProjectConfigurator - Adding source folder /ShopmeCommon/src/test/java
2022-03-22 23:31:57,589 [Worker-14: Building] WARN  o.e.m.c.i.embedder.EclipseLogger - Using platform encoding (Cp1252 actually) to copy filtered resources, i.e. build is platform dependent!
2022-03-22 23:31:57,594 [Worker-14: Building] INFO  o.e.m.c.i.embedder.EclipseLogger - Copying 0 resource
2022-03-22 23:31:57,598 [Worker-14: Building] WARN  o.e.m.c.i.embedder.EclipseLogger - Using platform encoding (Cp1252 actually) to copy filtered resources, i.e. build is platform dependent!
2022-03-22 23:31:57,604 [Worker-14: Building] INFO  o.e.m.c.i.embedder.EclipseLogger - skip non existing resourceDirectory C:\Users\akumar5\OneDrive - Infor\Documents\FullStack\ShopMeProject\ShopmeCommon\src\test\resources
2022-03-22 23:31:57,725 [Worker-3: Update Maven projects configuration] INFO  o.e.m.c.i.p.ProjectConfigurationManager - Update completed: 2 sec
2022-03-22 23:31:57,855 [Worker-3: Building] WARN  o.e.m.c.i.embedder.EclipseLogger - Using platform encoding (Cp1252 actually) to copy filtered resources, i.e. build is platform dependent!
2022-03-22 23:31:57,857 [Worker-3: Building] INFO  o.e.m.c.i.embedder.EclipseLogger - Copying 0 resource
2022-03-22 23:31:57,859 [Worker-3: Building] WARN  o.e.m.c.i.embedder.EclipseLogger - Using platform encoding (Cp1252 actually) to copy filtered resources, i.e. build is platform dependent!
2022-03-22 23:31:57,860 [Worker-3: Building] INFO  o.e.m.c.i.embedder.EclipseLogger - skip non existing resourceDirectory C:\Users\akumar5\OneDrive - Infor\Documents\FullStack\ShopMeProject\ShopmeCommon\src\test\resources
2022-03-22 23:31:58,183 [Worker-12: Download sources and javadoc] INFO  o.e.m.c.i.e.AbstractTransferListenerAdapter - Downloading https://repo.maven.apache.org/maven2/org/springframework/spring-jdbc/5.3.16/spring-jdbc-5.3.16-sources.jar
2022-03-22 23:31:58,420 [Worker-3: Building] WARN  o.e.m.c.i.embedder.EclipseLogger - Using platform encoding (Cp1252 actually) to copy filtered resources, i.e. build is platform dependent!
2022-03-22 23:31:58,423 [Worker-3: Building] INFO  o.e.m.c.i.embedder.EclipseLogger - Copying 0 resource
2022-03-22 23:31:58,426 [Worker-3: Building] WARN  o.e.m.c.i.embedder.EclipseLogger - Using platform encoding (Cp1252 actually) to copy filtered resources, i.e. build is platform dependent!
2022-03-22 23:31:58,427 [Worker-3: Building] INFO  o.e.m.c.i.embedder.EclipseLogger - skip non existing resourceDirectory C:\Users\akumar5\OneDrive - Infor\Documents\FullStack\ShopMeProject\ShopmeWebParent\src\test\resources
2022-03-22 23:31:59,533 [Worker-12: Download sources and javadoc] INFO  o.e.m.c.i.e.AbstractTransferListenerAdapter - Downloaded https://repo.maven.apache.org/maven2/org/springframework/spring-jdbc/5.3.16/spring-jdbc-5.3.16-sources.jar
2022-03-22 23:31:59,538 [Worker-12: Download sources and javadoc] INFO  o.e.m.j.internal.DownloadSourcesJob - Downloaded sources for org.springframework:spring-jdbc:5.3.16
2022-03-22 23:32:00,726 [Worker-12: Download sources and javadoc] INFO  o.e.m.c.i.e.AbstractTransferListenerAdapter - Downloading https://repo.maven.apache.org/maven2/org/hibernate/hibernate-core/5.6.5.Final/hibernate-core-5.6.5.Final-sources.jar
2022-03-22 23:32:11,580 [Worker-12: Download sources and javadoc] INFO  o.e.m.c.i.e.AbstractTransferListenerAdapter - Downloaded https://repo.maven.apache.org/maven2/org/hibernate/hibernate-core/5.6.5.Final/hibernate-core-5.6.5.Final-sources.jar
2022-03-22 23:32:11,593 [Worker-12: Download sources and javadoc] INFO  o.e.m.j.internal.DownloadSourcesJob - Downloaded sources for org.hibernate:hibernate-core:5.6.5.Final
2022-03-22 23:32:12,790 [Worker-12: Download sources and javadoc] INFO  o.e.m.c.i.e.AbstractTransferListenerAdapter - Downloading https://repo.maven.apache.org/maven2/org/jboss/logging/jboss-logging/3.4.3.Final/jboss-logging-3.4.3.Final-sources.jar
2022-03-22 23:32:13,413 [Worker-12: Download sources and javadoc] INFO  o.e.m.c.i.e.AbstractTransferListenerAdapter - Downloaded https://repo.maven.apache.org/maven2/org/jboss/logging/jboss-logging/3.4.3.Final/jboss-logging-3.4.3.Final-sources.jar
2022-03-22 23:32:13,417 [Worker-12: Download sources and javadoc] INFO  o.e.m.j.internal.DownloadSourcesJob - Downloaded sources for org.jboss.logging:jboss-logging:3.4.3.Final
2022-03-22 23:32:14,604 [Worker-12: Download sources and javadoc] INFO  o.e.m.c.i.e.AbstractTransferListenerAdapter - Downloading https://repo.maven.apache.org/maven2/net/bytebuddy/byte-buddy/1.12.7/byte-buddy-1.12.7-sources.jar
2022-03-22 23:32:17,181 [Worker-12: Download sources and javadoc] INFO  o.e.m.c.i.e.AbstractTransferListenerAdapter - Downloaded https://repo.maven.apache.org/maven2/net/bytebuddy/byte-buddy/1.12.7/byte-buddy-1.12.7-sources.jar
2022-03-22 23:32:17,184 [Worker-12: Download sources and javadoc] INFO  o.e.m.j.internal.DownloadSourcesJob - Downloaded sources for net.bytebuddy:byte-buddy:1.12.7
2022-03-22 23:32:18,053 [Worker-11: Building] WARN  o.e.m.c.i.embedder.EclipseLogger - Using platform encoding (Cp1252 actually) to copy filtered resources, i.e. build is platform dependent!
2022-03-22 23:32:18,054 [Worker-11: Building] INFO  o.e.m.c.i.embedder.EclipseLogger - Copying 0 resource
2022-03-22 23:32:18,055 [Worker-11: Building] WARN  o.e.m.c.i.embedder.EclipseLogger - Using platform encoding (Cp1252 actually) to copy filtered resources, i.e. build is platform dependent!
2022-03-22 23:32:18,057 [Worker-11: Building] INFO  o.e.m.c.i.embedder.EclipseLogger - skip non existing resourceDirectory C:\Users\akumar5\OneDrive - Infor\Documents\FullStack\ShopMeProject\ShopmeWebParent\src\test\resources
2022-03-22 23:32:18,340 [Worker-12: Download sources and javadoc] INFO  o.e.m.c.i.e.AbstractTransferListenerAdapter - Downloading https://repo.maven.apache.org/maven2/org/jboss/jandex/2.4.2.Final/jandex-2.4.2.Final-sources.jar
2022-03-22 23:32:19,064 [Worker-11: Building] WARN  o.e.m.c.i.embedder.EclipseLogger - Using platform encoding (Cp1252 actually) to copy filtered resources, i.e. build is platform dependent!
2022-03-22 23:32:19,065 [Worker-11: Building] INFO  o.e.m.c.i.embedder.EclipseLogger - Copying 0 resource
2022-03-22 23:32:19,067 [Worker-11: Building] WARN  o.e.m.c.i.embedder.EclipseLogger - Using platform encoding (Cp1252 actually) to copy filtered resources, i.e. build is platform dependent!
2022-03-22 23:32:19,068 [Worker-11: Building] INFO  o.e.m.c.i.embedder.EclipseLogger - skip non existing resourceDirectory C:\Users\akumar5\OneDrive - Infor\Documents\FullStack\ShopMeProject\ShopmeWebParent\src\test\resources
2022-03-22 23:32:19,337 [Worker-12: Download sources and javadoc] INFO  o.e.m.c.i.e.AbstractTransferListenerAdapter - Downloaded https://repo.maven.apache.org/maven2/org/jboss/jandex/2.4.2.Final/jandex-2.4.2.Final-sources.jar
2022-03-22 23:32:19,340 [Worker-12: Download sources and javadoc] INFO  o.e.m.j.internal.DownloadSourcesJob - Downloaded sources for org.jboss:jandex:2.4.2.Final
2022-03-22 23:32:20,486 [Worker-12: Download sources and javadoc] INFO  o.e.m.c.i.e.AbstractTransferListenerAdapter - Downloading https://repo.maven.apache.org/maven2/org/glassfish/jaxb/jaxb-runtime/2.3.1/jaxb-runtime-2.3.1-sources.jar
2022-03-22 23:32:23,924 [Worker-12: Download sources and javadoc] INFO  o.e.m.c.i.e.AbstractTransferListenerAdapter - Downloaded https://repo.maven.apache.org/maven2/org/glassfish/jaxb/jaxb-runtime/2.3.1/jaxb-runtime-2.3.1-sources.jar
2022-03-22 23:32:23,929 [Worker-12: Download sources and javadoc] INFO  o.e.m.j.internal.DownloadSourcesJob - Downloaded sources for org.glassfish.jaxb:jaxb-runtime:2.3.1
2022-03-22 23:32:25,155 [Worker-12: Download sources and javadoc] INFO  o.e.m.c.i.e.AbstractTransferListenerAdapter - Downloading https://repo.maven.apache.org/maven2/org/glassfish/jaxb/txw2/2.3.1/txw2-2.3.1-sources.jar
2022-03-22 23:32:25,881 [Worker-12: Download sources and javadoc] INFO  o.e.m.c.i.e.AbstractTransferListenerAdapter - Downloaded https://repo.maven.apache.org/maven2/org/glassfish/jaxb/txw2/2.3.1/txw2-2.3.1-sources.jar
2022-03-22 23:32:25,886 [Worker-12: Download sources and javadoc] INFO  o.e.m.j.internal.DownloadSourcesJob - Downloaded sources for org.glassfish.jaxb:txw2:2.3.1
2022-03-22 23:32:27,175 [Worker-12: Download sources and javadoc] INFO  o.e.m.c.i.e.AbstractTransferListenerAdapter - Downloading https://repo.maven.apache.org/maven2/com/sun/istack/istack-commons-runtime/3.0.7/istack-commons-runtime-3.0.7-sources.jar
2022-03-22 23:32:27,772 [Worker-12: Download sources and javadoc] INFO  o.e.m.c.i.e.AbstractTransferListenerAdapter - Downloaded https://repo.maven.apache.org/maven2/com/sun/istack/istack-commons-runtime/3.0.7/istack-commons-runtime-3.0.7-sources.jar
2022-03-22 23:32:27,780 [Worker-12: Download sources and javadoc] INFO  o.e.m.j.internal.DownloadSourcesJob - Downloaded sources for com.sun.istack:istack-commons-runtime:3.0.7
2022-03-22 23:32:28,962 [Worker-12: Download sources and javadoc] INFO  o.e.m.c.i.e.AbstractTransferListenerAdapter - Downloading https://repo.maven.apache.org/maven2/org/jvnet/staxex/stax-ex/1.8/stax-ex-1.8-sources.jar
2022-03-22 23:32:29,571 [Worker-12: Download sources and javadoc] INFO  o.e.m.c.i.e.AbstractTransferListenerAdapter - Downloaded https://repo.maven.apache.org/maven2/org/jvnet/staxex/stax-ex/1.8/stax-ex-1.8-sources.jar
2022-03-22 23:32:29,580 [Worker-12: Download sources and javadoc] INFO  o.e.m.j.internal.DownloadSourcesJob - Downloaded sources for org.jvnet.staxex:stax-ex:1.8
2022-03-22 23:32:30,973 [Worker-12: Download sources and javadoc] INFO  o.e.m.c.i.e.AbstractTransferListenerAdapter - Downloading https://repo.maven.apache.org/maven2/com/sun/xml/fastinfoset/FastInfoset/1.2.15/FastInfoset-1.2.15-sources.jar
2022-03-22 23:32:32,434 [Worker-12: Download sources and javadoc] INFO  o.e.m.c.i.e.AbstractTransferListenerAdapter - Downloaded https://repo.maven.apache.org/maven2/com/sun/xml/fastinfoset/FastInfoset/1.2.15/FastInfoset-1.2.15-sources.jar
2022-03-22 23:32:32,450 [Worker-12: Download sources and javadoc] INFO  o.e.m.j.internal.DownloadSourcesJob - Downloaded sources for com.sun.xml.fastinfoset:FastInfoset:1.2.15
2022-03-22 23:32:33,624 [Worker-12: Download sources and javadoc] INFO  o.e.m.c.i.e.AbstractTransferListenerAdapter - Downloading https://repo.maven.apache.org/maven2/org/springframework/data/spring-data-jpa/2.6.2/spring-data-jpa-2.6.2-sources.jar
2022-03-22 23:32:34,756 [Worker-12: Download sources and javadoc] INFO  o.e.m.c.i.e.AbstractTransferListenerAdapter - Downloaded https://repo.maven.apache.org/maven2/org/springframework/data/spring-data-jpa/2.6.2/spring-data-jpa-2.6.2-sources.jar
2022-03-22 23:32:34,765 [Worker-12: Download sources and javadoc] INFO  o.e.m.j.internal.DownloadSourcesJob - Downloaded sources for org.springframework.data:spring-data-jpa:2.6.2
2022-03-22 23:32:35,984 [Worker-12: Download sources and javadoc] INFO  o.e.m.c.i.e.AbstractTransferListenerAdapter - Downloading https://repo.maven.apache.org/maven2/org/springframework/data/spring-data-commons/2.6.2/spring-data-commons-2.6.2-sources.jar
2022-03-22 23:32:37,694 [Worker-12: Download sources and javadoc] INFO  o.e.m.c.i.e.AbstractTransferListenerAdapter - Downloaded https://repo.maven.apache.org/maven2/org/springframework/data/spring-data-commons/2.6.2/spring-data-commons-2.6.2-sources.jar
2022-03-22 23:32:37,701 [Worker-12: Download sources and javadoc] INFO  o.e.m.j.internal.DownloadSourcesJob - Downloaded sources for org.springframework.data:spring-data-commons:2.6.2
2022-03-22 23:32:38,905 [Worker-12: Download sources and javadoc] INFO  o.e.m.c.i.e.AbstractTransferListenerAdapter - Downloading https://repo.maven.apache.org/maven2/org/springframework/spring-orm/5.3.16/spring-orm-5.3.16-sources.jar
2022-03-22 23:32:39,936 [Worker-12: Download sources and javadoc] INFO  o.e.m.c.i.e.AbstractTransferListenerAdapter - Downloaded https://repo.maven.apache.org/maven2/org/springframework/spring-orm/5.3.16/spring-orm-5.3.16-sources.jar
2022-03-22 23:32:39,942 [Worker-12: Download sources and javadoc] INFO  o.e.m.j.internal.DownloadSourcesJob - Downloaded sources for org.springframework:spring-orm:5.3.16
2022-03-22 23:32:41,075 [Worker-12: Download sources and javadoc] INFO  o.e.m.c.i.e.AbstractTransferListenerAdapter - Downloading https://repo.maven.apache.org/maven2/org/springframework/spring-tx/5.3.16/spring-tx-5.3.16-sources.jar
2022-03-22 23:32:42,356 [Worker-12: Download sources and javadoc] INFO  o.e.m.c.i.e.AbstractTransferListenerAdapter - Downloaded https://repo.maven.apache.org/maven2/org/springframework/spring-tx/5.3.16/spring-tx-5.3.16-sources.jar
2022-03-22 23:32:42,362 [Worker-12: Download sources and javadoc] INFO  o.e.m.j.internal.DownloadSourcesJob - Downloaded sources for org.springframework:spring-tx:5.3.16
2022-03-22 23:32:43,525 [Worker-12: Download sources and javadoc] INFO  o.e.m.c.i.e.AbstractTransferListenerAdapter - Downloading https://repo.maven.apache.org/maven2/org/springframework/spring-aspects/5.3.16/spring-aspects-5.3.16-sources.jar
2022-03-22 23:32:44,106 [Worker-12: Download sources and javadoc] INFO  o.e.m.c.i.e.AbstractTransferListenerAdapter - Downloaded https://repo.maven.apache.org/maven2/org/springframework/spring-aspects/5.3.16/spring-aspects-5.3.16-sources.jar
2022-03-22 23:32:44,112 [Worker-12: Download sources and javadoc] INFO  o.e.m.j.internal.DownloadSourcesJob - Downloaded sources for org.springframework:spring-aspects:5.3.16
2022-03-22 23:32:44,365 [Worker-14: Building] WARN  o.e.m.c.i.embedder.EclipseLogger - Using platform encoding (Cp1252 actually) to copy filtered resources, i.e. build is platform dependent!
2022-03-22 23:32:44,368 [Worker-14: Building] INFO  o.e.m.c.i.embedder.EclipseLogger - Copying 0 resource
2022-03-22 23:32:44,373 [Worker-14: Building] WARN  o.e.m.c.i.embedder.EclipseLogger - Using platform encoding (Cp1252 actually) to copy filtered resources, i.e. build is platform dependent!
2022-03-22 23:32:44,375 [Worker-14: Building] INFO  o.e.m.c.i.embedder.EclipseLogger - skip non existing resourceDirectory C:\Users\akumar5\OneDrive - Infor\Documents\FullStack\ShopMeProject\ShopmeCommon\src\test\resources
2022-03-23 00:01:17,621 [Worker-17: Update Maven projects configuration] INFO  o.e.m.c.i.p.ProjectConfigurationManager - Update started
2022-03-23 00:01:17,697 [Worker-17: Update Maven projects configuration] INFO  o.e.m.c.i.l.LifecycleMappingFactory - Using org.eclipse.m2e.jdt.JarLifecycleMapping lifecycle mapping for MavenProject: org.shopme:ShopmeBackend:1.0-SNAPSHOT @ C:\Users\akumar5\OneDrive - Infor\Documents\FullStack\ShopMeProject\ShopmeWebParent\ShopmeBackend\pom.xml.
2022-03-23 00:01:17,912 [Worker-17: Update Maven projects configuration] INFO  o.e.m.j.i.AbstractJavaProjectConfigurator - Adding source folder /ShopmeBackend/src/main/java
2022-03-23 00:01:17,912 [Worker-17: Update Maven projects configuration] INFO  o.e.m.j.i.AbstractJavaProjectConfigurator - Adding resource folder /ShopmeBackend/src/main/resources
2022-03-23 00:01:17,914 [Worker-17: Update Maven projects configuration] INFO  o.e.m.j.i.AbstractJavaProjectConfigurator - Adding source folder /ShopmeBackend/src/test/java
2022-03-23 00:01:18,305 [Worker-17: Update Maven projects configuration] INFO  o.e.m.c.i.p.ProjectConfigurationManager - Update completed: 0 sec
2022-03-23 00:01:18,307 [Worker-17: Update Maven projects configuration] INFO  o.e.m.c.i.p.ProjectConfigurationManager - Update started
2022-03-23 00:01:18,400 [Worker-17: Update Maven projects configuration] INFO  o.e.m.c.i.l.LifecycleMappingFactory - Using org.eclipse.m2e.jdt.JarLifecycleMapping lifecycle mapping for MavenProject: org.shopme:ShopmeBackend:1.0-SNAPSHOT @ C:\Users\akumar5\OneDrive - Infor\Documents\FullStack\ShopMeProject\ShopmeWebParent\ShopmeBackend\pom.xml.
2022-03-23 00:01:18,557 [Worker-17: Update Maven projects configuration] INFO  o.e.m.c.i.l.LifecycleMappingFactory - Using org.eclipse.m2e.jdt.JarLifecycleMapping lifecycle mapping for MavenProject: org.shopme:ShopmeFrontend:1.0-SNAPSHOT @ C:\Users\akumar5\OneDrive - Infor\Documents\FullStack\ShopMeProject\ShopmeWebParent\ShopmeFrontend\pom.xml.
2022-03-23 00:01:18,829 [Worker-17: Update Maven projects configuration] INFO  o.e.m.j.i.AbstractJavaProjectConfigurator - Adding source folder /ShopmeFrontend/src/main/java
2022-03-23 00:01:18,830 [Worker-17: Update Maven projects configuration] INFO  o.e.m.j.i.AbstractJavaProjectConfigurator - Adding resource folder /ShopmeFrontend/src/main/resources
2022-03-23 00:01:18,833 [Worker-17: Update Maven projects configuration] INFO  o.e.m.j.i.AbstractJavaProjectConfigurator - Adding source folder /ShopmeFrontend/src/test/java
2022-03-23 00:01:19,201 [Worker-17: Update Maven projects configuration] INFO  o.e.m.j.i.AbstractJavaProjectConfigurator - Adding source folder /ShopmeBackend/src/main/java
2022-03-23 00:01:19,201 [Worker-17: Update Maven projects configuration] INFO  o.e.m.j.i.AbstractJavaProjectConfigurator - Adding resource folder /ShopmeBackend/src/main/resources
2022-03-23 00:01:19,205 [Worker-17: Update Maven projects configuration] INFO  o.e.m.j.i.AbstractJavaProjectConfigurator - Adding source folder /ShopmeBackend/src/test/java
2022-03-23 00:01:19,432 [Worker-17: Update Maven projects configuration] INFO  o.e.m.c.i.p.ProjectConfigurationManager - Update completed: 1 sec
2022-03-23 00:01:19,784 [Worker-13: Building] WARN  o.e.m.c.i.embedder.EclipseLogger - Using platform encoding (Cp1252 actually) to copy filtered resources, i.e. build is platform dependent!
2022-03-23 00:01:19,787 [Worker-13: Building] INFO  o.e.m.c.i.embedder.EclipseLogger - Copying 2 resources
2022-03-23 00:01:19,806 [Worker-13: Building] WARN  o.e.m.c.i.embedder.EclipseLogger - Using platform encoding (Cp1252 actually) to copy filtered resources, i.e. build is platform dependent!
2022-03-23 00:01:19,807 [Worker-13: Building] INFO  o.e.m.c.i.embedder.EclipseLogger - skip non existing resourceDirectory C:\Users\akumar5\OneDrive - Infor\Documents\FullStack\ShopMeProject\ShopmeWebParent\ShopmeBackend\src\test\resources
2022-03-23 00:01:20,021 [Worker-13: Building] WARN  o.e.m.c.i.embedder.EclipseLogger - Using platform encoding (Cp1252 actually) to copy filtered resources, i.e. build is platform dependent!
2022-03-23 00:01:20,024 [Worker-13: Building] INFO  o.e.m.c.i.embedder.EclipseLogger - Copying 2 resources
2022-03-23 00:01:20,036 [Worker-13: Building] WARN  o.e.m.c.i.embedder.EclipseLogger - Using platform encoding (Cp1252 actually) to copy filtered resources, i.e. build is platform dependent!
2022-03-23 00:01:20,038 [Worker-13: Building] INFO  o.e.m.c.i.embedder.EclipseLogger - skip non existing resourceDirectory C:\Users\akumar5\OneDrive - Infor\Documents\FullStack\ShopMeProject\ShopmeWebParent\ShopmeFrontend\src\test\resources
2022-03-23 00:01:20,073 [Worker-13: Building] WARN  o.e.m.c.i.embedder.EclipseLogger - Using platform encoding (Cp1252 actually) to copy filtered resources, i.e. build is platform dependent!
2022-03-23 00:01:20,075 [Worker-13: Building] INFO  o.e.m.c.i.embedder.EclipseLogger - Copying 0 resource
2022-03-23 00:01:20,076 [Worker-13: Building] WARN  o.e.m.c.i.embedder.EclipseLogger - Using platform encoding (Cp1252 actually) to copy filtered resources, i.e. build is platform dependent!
2022-03-23 00:01:20,078 [Worker-13: Building] INFO  o.e.m.c.i.embedder.EclipseLogger - skip non existing resourceDirectory C:\Users\akumar5\OneDrive - Infor\Documents\FullStack\ShopMeProject\ShopmeWebParent\src\test\resources
2022-03-23 00:01:20,353 [Worker-19: Download sources and javadoc] INFO  o.e.m.c.i.e.AbstractTransferListenerAdapter - Downloading https://repo.maven.apache.org/maven2/org/slf4j/slf4j-api/1.7.25/slf4j-api-1.7.25-sources.jar
2022-03-23 00:01:20,995 [Worker-19: Download sources and javadoc] INFO  o.e.m.c.i.e.AbstractTransferListenerAdapter - Downloaded https://repo.maven.apache.org/maven2/org/slf4j/slf4j-api/1.7.25/slf4j-api-1.7.25-sources.jar
2022-03-23 00:01:20,999 [Worker-19: Download sources and javadoc] INFO  o.e.m.j.internal.DownloadSourcesJob - Downloaded sources for org.slf4j:slf4j-api:1.7.25
2022-03-23 00:01:21,003 [Worker-19: Download sources and javadoc] INFO  o.e.m.j.internal.DownloadSourcesJob - Downloaded sources for org.slf4j:slf4j-api:1.7.25
2022-03-23 00:01:21,292 [Worker-20: Building] WARN  o.e.m.c.i.embedder.EclipseLogger - Using platform encoding (Cp1252 actually) to copy filtered resources, i.e. build is platform dependent!
2022-03-23 00:01:21,303 [Worker-20: Building] INFO  o.e.m.c.i.embedder.EclipseLogger - Copying 0 resource
2022-03-23 00:01:21,304 [Worker-20: Building] WARN  o.e.m.c.i.embedder.EclipseLogger - Using platform encoding (Cp1252 actually) to copy filtered resources, i.e. build is platform dependent!
2022-03-23 00:01:21,306 [Worker-20: Building] INFO  o.e.m.c.i.embedder.EclipseLogger - skip non existing resourceDirectory C:\Users\akumar5\OneDrive - Infor\Documents\FullStack\ShopMeProject\ShopmeWebParent\ShopmeBackend\src\test\resources
2022-03-23 00:01:21,314 [Worker-20: Building] WARN  o.e.m.c.i.embedder.EclipseLogger - Using platform encoding (Cp1252 actually) to copy filtered resources, i.e. build is platform dependent!
2022-03-23 00:01:21,316 [Worker-20: Building] INFO  o.e.m.c.i.embedder.EclipseLogger - Copying 0 resource
2022-03-23 00:01:21,317 [Worker-20: Building] WARN  o.e.m.c.i.embedder.EclipseLogger - Using platform encoding (Cp1252 actually) to copy filtered resources, i.e. build is platform dependent!
2022-03-23 00:01:21,318 [Worker-20: Building] INFO  o.e.m.c.i.embedder.EclipseLogger - skip non existing resourceDirectory C:\Users\akumar5\OneDrive - Infor\Documents\FullStack\ShopMeProject\ShopmeWebParent\ShopmeFrontend\src\test\resources
2022-03-23 11:55:59,374 [Worker-23: Building] INFO  o.e.m.c.i.l.LifecycleMappingFactory - Using org.eclipse.m2e.jdt.JarLifecycleMapping lifecycle mapping for MavenProject: org.shopme:ShopmeBackend:1.0-SNAPSHOT @ C:\Users\akumar5\OneDrive - Infor\Documents\FullStack\ShopMeProject\ShopmeWebParent\ShopmeBackend\pom.xml.
2022-03-23 11:55:59,513 [Worker-23: Building] INFO  o.e.m.c.i.l.LifecycleMappingFactory - Using NULL lifecycle mapping for MavenProject: org.shopme:ShopmeWebParent:1.0-SNAPSHOT @ C:\Users\akumar5\OneDrive - Infor\Documents\FullStack\ShopMeProject\ShopmeWebParent\pom.xml.
2022-03-23 11:55:59,548 [Worker-23: Building] INFO  o.e.m.c.i.l.LifecycleMappingFactory - Using org.eclipse.m2e.jdt.JarLifecycleMapping lifecycle mapping for MavenProject: org.shopme:ShopmeFrontend:1.0-SNAPSHOT @ C:\Users\akumar5\OneDrive - Infor\Documents\FullStack\ShopMeProject\ShopmeWebParent\ShopmeFrontend\pom.xml.
2022-03-23 11:55:59,585 [Worker-23: Building] INFO  o.e.m.c.i.l.LifecycleMappingFactory - Using org.eclipse.m2e.jdt.JarLifecycleMapping lifecycle mapping for MavenProject: org.shopme:ShopmeBackend:1.0-SNAPSHOT @ C:\Users\akumar5\OneDrive - Infor\Documents\FullStack\ShopMeProject\ShopmeWebParent\ShopmeBackend\pom.xml.
2022-03-23 11:56:01,056 [Worker-24: Building] WARN  o.e.m.c.i.embedder.EclipseLogger - Using platform encoding (Cp1252 actually) to copy filtered resources, i.e. build is platform dependent!
2022-03-23 11:56:01,062 [Worker-24: Building] INFO  o.e.m.c.i.embedder.EclipseLogger - Copying 3 resources
2022-03-23 11:56:01,072 [Worker-24: Building] WARN  o.e.m.c.i.embedder.EclipseLogger - Using platform encoding (Cp1252 actually) to copy filtered resources, i.e. build is platform dependent!
2022-03-23 11:56:01,073 [Worker-24: Building] INFO  o.e.m.c.i.embedder.EclipseLogger - skip non existing resourceDirectory C:\Users\akumar5\OneDrive - Infor\Documents\FullStack\ShopMeProject\ShopmeWebParent\ShopmeBackend\src\test\resources
2022-03-23 11:56:01,314 [Worker-24: Building] WARN  o.e.m.c.i.embedder.EclipseLogger - Using platform encoding (Cp1252 actually) to copy filtered resources, i.e. build is platform dependent!
2022-03-23 11:56:01,317 [Worker-24: Building] INFO  o.e.m.c.i.embedder.EclipseLogger - Copying 2 resources
2022-03-23 11:56:01,324 [Worker-24: Building] WARN  o.e.m.c.i.embedder.EclipseLogger - Using platform encoding (Cp1252 actually) to copy filtered resources, i.e. build is platform dependent!
2022-03-23 11:56:01,325 [Worker-24: Building] INFO  o.e.m.c.i.embedder.EclipseLogger - skip non existing resourceDirectory C:\Users\akumar5\OneDrive - Infor\Documents\FullStack\ShopMeProject\ShopmeWebParent\ShopmeFrontend\src\test\resources
2022-03-23 11:56:02,963 [Worker-23: Download sources and javadoc] INFO  o.e.m.c.i.e.AbstractTransferListenerAdapter - Downloading https://repo.maven.apache.org/maven2/org/webjars/bootstrap/4.3.1/bootstrap-4.3.1-sources.jar
2022-03-23 11:56:03,588 [Worker-23: Download sources and javadoc] INFO  o.e.m.c.i.e.AbstractTransferListenerAdapter - Downloaded https://repo.maven.apache.org/maven2/org/webjars/bootstrap/4.3.1/bootstrap-4.3.1-sources.jar
2022-03-23 11:56:03,593 [Worker-23: Download sources and javadoc] INFO  o.e.m.j.internal.DownloadSourcesJob - Downloaded sources for org.webjars:bootstrap:4.3.1
2022-03-23 11:56:04,729 [Worker-23: Download sources and javadoc] INFO  o.e.m.c.i.e.AbstractTransferListenerAdapter - Downloaded https://repo.maven.apache.org/maven2/org/webjars/popper.js/1.14.3/popper.js-1.14.3-sources.jar
2022-03-23 11:56:04,763 [Worker-23: Download sources and javadoc] ERROR o.e.m.j.internal.DownloadSourcesJob - Could not download sources for org.webjars:popper.js:1.14.3
org.eclipse.core.runtime.CoreException: Could not resolve artifact org.webjars:popper.js:jar:sources:1.14.3
	at org.eclipse.m2e.core.internal.embedder.MavenImpl.lambda$4(MavenImpl.java:828)
	at org.eclipse.m2e.core.internal.embedder.MavenExecutionContext.executeBare(MavenExecutionContext.java:182)
	at org.eclipse.m2e.core.internal.embedder.MavenExecutionContext.execute(MavenExecutionContext.java:117)
	at org.eclipse.m2e.core.internal.embedder.MavenExecutionContext.execute(MavenExecutionContext.java:103)
	at org.eclipse.m2e.core.internal.embedder.MavenImpl.resolve(MavenImpl.java:796)
	at org.eclipse.m2e.core.internal.embedder.MavenImpl.resolve(MavenImpl.java:773)
	at org.eclipse.m2e.jdt.internal.DownloadSourcesJob.download(DownloadSourcesJob.java:311)
	at org.eclipse.m2e.jdt.internal.DownloadSourcesJob.downloadAttachments(DownloadSourcesJob.java:285)
	at org.eclipse.m2e.jdt.internal.DownloadSourcesJob.downloadMaven(DownloadSourcesJob.java:255)
	at org.eclipse.m2e.jdt.internal.DownloadSourcesJob.downloadFilesAndPopulateToUpdate(DownloadSourcesJob.java:223)
	at org.eclipse.m2e.jdt.internal.DownloadSourcesJob.lambda$0(DownloadSourcesJob.java:152)
	at org.eclipse.m2e.core.internal.embedder.MavenExecutionContext.executeBare(MavenExecutionContext.java:182)
	at org.eclipse.m2e.core.internal.embedder.MavenExecutionContext.execute(MavenExecutionContext.java:156)
	at org.eclipse.m2e.core.internal.embedder.MavenExecutionContext.execute(MavenExecutionContext.java:103)
	at org.eclipse.m2e.core.internal.embedder.MavenImpl.execute(MavenImpl.java:1416)
	at org.eclipse.m2e.jdt.internal.DownloadSourcesJob.run(DownloadSourcesJob.java:152)
	at org.eclipse.core.internal.jobs.Worker.run(Worker.java:63)
2022-03-23 11:56:06,025 [Worker-23: Download sources and javadoc] INFO  o.e.m.c.i.e.AbstractTransferListenerAdapter - Downloading https://repo.maven.apache.org/maven2/org/webjars/jquery/3.4.1/jquery-3.4.1-sources.jar
2022-03-23 11:56:06,635 [Worker-23: Download sources and javadoc] INFO  o.e.m.c.i.e.AbstractTransferListenerAdapter - Downloaded https://repo.maven.apache.org/maven2/org/webjars/jquery/3.4.1/jquery-3.4.1-sources.jar
2022-03-23 11:56:06,640 [Worker-23: Download sources and javadoc] INFO  o.e.m.j.internal.DownloadSourcesJob - Downloaded sources for org.webjars:jquery:3.4.1
2022-03-23 11:56:07,918 [Worker-23: Download sources and javadoc] INFO  o.e.m.c.i.e.AbstractTransferListenerAdapter - Downloading https://repo.maven.apache.org/maven2/org/webjars/webjars-locator-core/0.50/webjars-locator-core-0.50-sources.jar
2022-03-23 11:56:08,483 [Worker-23: Download sources and javadoc] INFO  o.e.m.c.i.e.AbstractTransferListenerAdapter - Downloaded https://repo.maven.apache.org/maven2/org/webjars/webjars-locator-core/0.50/webjars-locator-core-0.50-sources.jar
2022-03-23 11:56:08,487 [Worker-23: Download sources and javadoc] INFO  o.e.m.j.internal.DownloadSourcesJob - Downloaded sources for org.webjars:webjars-locator-core:0.50
2022-03-23 11:56:09,751 [Worker-23: Download sources and javadoc] INFO  o.e.m.c.i.e.AbstractTransferListenerAdapter - Downloading https://repo.maven.apache.org/maven2/io/github/classgraph/classgraph/4.8.139/classgraph-4.8.139-sources.jar
2022-03-23 11:56:11,318 [Worker-23: Download sources and javadoc] INFO  o.e.m.c.i.e.AbstractTransferListenerAdapter - Downloaded https://repo.maven.apache.org/maven2/io/github/classgraph/classgraph/4.8.139/classgraph-4.8.139-sources.jar
2022-03-23 11:56:11,322 [Worker-23: Download sources and javadoc] INFO  o.e.m.j.internal.DownloadSourcesJob - Downloaded sources for io.github.classgraph:classgraph:4.8.139
2022-03-23 11:56:11,327 [Worker-23: Download sources and javadoc] INFO  o.e.m.j.internal.DownloadSourcesJob - Downloaded sources for org.webjars:bootstrap:4.3.1
2022-03-23 11:56:12,535 [Worker-23: Download sources and javadoc] INFO  o.e.m.c.i.e.AbstractTransferListenerAdapter - Downloading https://repo.maven.apache.org/maven2/org/webjars/popper.js/1.14.3/popper.js-1.14.3-javadoc.jar
2022-03-23 11:56:14,706 [Worker-23: Download sources and javadoc] INFO  o.e.m.c.i.e.AbstractTransferListenerAdapter - Downloaded https://repo.maven.apache.org/maven2/org/webjars/popper.js/1.14.3/popper.js-1.14.3-javadoc.jar
2022-03-23 11:56:14,709 [Worker-23: Download sources and javadoc] INFO  o.e.m.j.internal.DownloadSourcesJob - Downloaded javadoc for org.webjars:popper.js:1.14.3
2022-03-23 11:56:14,715 [Worker-23: Download sources and javadoc] INFO  o.e.m.j.internal.DownloadSourcesJob - Downloaded sources for org.webjars:jquery:3.4.1
2022-03-23 11:56:14,719 [Worker-23: Download sources and javadoc] INFO  o.e.m.j.internal.DownloadSourcesJob - Downloaded sources for org.webjars:webjars-locator-core:0.50
2022-03-23 11:56:14,722 [Worker-23: Download sources and javadoc] INFO  o.e.m.j.internal.DownloadSourcesJob - Downloaded sources for io.github.classgraph:classgraph:4.8.139
2022-03-23 11:56:14,726 [Worker-23: Download sources and javadoc] INFO  o.e.m.j.internal.DownloadSourcesJob - Downloaded sources for org.webjars:bootstrap:4.3.1
2022-03-23 11:56:14,732 [Worker-23: Download sources and javadoc] INFO  o.e.m.j.internal.DownloadSourcesJob - Downloaded sources for org.webjars:jquery:3.4.1
2022-03-23 11:56:14,735 [Worker-23: Download sources and javadoc] INFO  o.e.m.j.internal.DownloadSourcesJob - Downloaded sources for org.webjars:webjars-locator-core:0.50
2022-03-23 11:56:14,739 [Worker-23: Download sources and javadoc] INFO  o.e.m.j.internal.DownloadSourcesJob - Downloaded sources for io.github.classgraph:classgraph:4.8.139
2022-03-23 11:56:15,125 [Worker-23: Building] WARN  o.e.m.c.i.embedder.EclipseLogger - Using platform encoding (Cp1252 actually) to copy filtered resources, i.e. build is platform dependent!
2022-03-23 11:56:15,127 [Worker-23: Building] INFO  o.e.m.c.i.embedder.EclipseLogger - Copying 0 resource
2022-03-23 11:56:15,130 [Worker-23: Building] WARN  o.e.m.c.i.embedder.EclipseLogger - Using platform encoding (Cp1252 actually) to copy filtered resources, i.e. build is platform dependent!
2022-03-23 11:56:15,131 [Worker-23: Building] INFO  o.e.m.c.i.embedder.EclipseLogger - skip non existing resourceDirectory C:\Users\akumar5\OneDrive - Infor\Documents\FullStack\ShopMeProject\ShopmeWebParent\ShopmeBackend\src\test\resources
2022-03-23 11:56:15,141 [Worker-23: Building] WARN  o.e.m.c.i.embedder.EclipseLogger - Using platform encoding (Cp1252 actually) to copy filtered resources, i.e. build is platform dependent!
2022-03-23 11:56:15,143 [Worker-23: Building] INFO  o.e.m.c.i.embedder.EclipseLogger - Copying 0 resource
2022-03-23 11:56:15,145 [Worker-23: Building] WARN  o.e.m.c.i.embedder.EclipseLogger - Using platform encoding (Cp1252 actually) to copy filtered resources, i.e. build is platform dependent!
2022-03-23 11:56:15,146 [Worker-23: Building] INFO  o.e.m.c.i.embedder.EclipseLogger - skip non existing resourceDirectory C:\Users\akumar5\OneDrive - Infor\Documents\FullStack\ShopMeProject\ShopmeWebParent\ShopmeFrontend\src\test\resources
2022-03-23 11:56:19,205 [Worker-23: Building] WARN  o.e.m.c.i.embedder.EclipseLogger - Using platform encoding (Cp1252 actually) to copy filtered resources, i.e. build is platform dependent!
2022-03-23 11:56:19,207 [Worker-23: Building] INFO  o.e.m.c.i.embedder.EclipseLogger - Copying 1 resource
2022-03-23 11:56:19,211 [Worker-23: Building] WARN  o.e.m.c.i.embedder.EclipseLogger - Using platform encoding (Cp1252 actually) to copy filtered resources, i.e. build is platform dependent!
2022-03-23 11:56:19,213 [Worker-23: Building] INFO  o.e.m.c.i.embedder.EclipseLogger - skip non existing resourceDirectory C:\Users\akumar5\OneDrive - Infor\Documents\FullStack\ShopMeProject\ShopmeWebParent\ShopmeBackend\src\test\resources
2022-04-18 18:08:46,156 [Worker-7: Loading available Gradle versions] INFO  o.e.b.c.i.u.g.PublishedGradleVersions - Gradle version information cache is out-of-date. Trying to update.
2022-04-18 18:08:49,507 [Worker-7: Updating Maven Dependencies] INFO  o.e.m.c.i.l.LifecycleMappingFactory - Using org.eclipse.m2e.jdt.JarLifecycleMapping lifecycle mapping for MavenProject: org.shopme:ShopmeBackend:1.0-SNAPSHOT @ C:\Users\akumar5\OneDrive - Infor\Documents\FullStack\ShopMeProject\ShopmeWebParent\ShopmeBackend\pom.xml.
2022-04-18 18:08:49,507 [Worker-8: Building] INFO  o.e.m.c.i.l.LifecycleMappingFactory - Using org.eclipse.m2e.jdt.JarLifecycleMapping lifecycle mapping for MavenProject: org.shopme:ShopmeBackend:1.0-SNAPSHOT @ C:\Users\akumar5\OneDrive - Infor\Documents\FullStack\ShopMeProject\ShopmeWebParent\ShopmeBackend\pom.xml.
2022-04-18 18:08:50,028 [Worker-8: Building] WARN  o.e.m.c.i.embedder.EclipseLogger - The POM for org.example:ShopmeCommon:jar:1.0-SNAPSHOT is missing, no dependency information available
2022-04-18 18:08:50,194 [Worker-7: Updating Maven Dependencies] INFO  o.e.m.c.i.p.WorkspaceClassifierResolverManager - Resolving P/ShopmeCommon: org.example:ShopmeCommon:1.0-SNAPSHOT with classifier  to /ShopmeCommon/target/classes
2022-04-18 18:08:50,922 [Worker-8: Building] WARN  o.e.m.c.i.embedder.EclipseLogger - Using platform encoding (Cp1252 actually) to copy filtered resources, i.e. build is platform dependent!
2022-04-18 18:08:50,934 [Worker-8: Building] INFO  o.e.m.c.i.embedder.EclipseLogger - Copying 2 resources
2022-04-18 18:08:50,948 [Worker-8: Building] WARN  o.e.m.c.i.embedder.EclipseLogger - Using platform encoding (Cp1252 actually) to copy filtered resources, i.e. build is platform dependent!
2022-04-18 18:08:50,948 [Worker-8: Building] INFO  o.e.m.c.i.embedder.EclipseLogger - skip non existing resourceDirectory C:\Users\akumar5\OneDrive - Infor\Documents\FullStack\ShopMeProject\ShopmeWebParent\ShopmeBackend\src\test\resources
2022-04-18 18:08:51,070 [Worker-8: Building] INFO  o.e.m.c.i.l.LifecycleMappingFactory - Using org.eclipse.m2e.jdt.JarLifecycleMapping lifecycle mapping for MavenProject: org.example:ShopmeCommon:1.0-SNAPSHOT @ C:\Users\akumar5\OneDrive - Infor\Documents\FullStack\ShopMeProject\ShopmeCommon\pom.xml.
2022-04-18 18:08:51,307 [Worker-8: Building] INFO  o.e.m.c.i.l.LifecycleMappingFactory - Using org.eclipse.m2e.jdt.JarLifecycleMapping lifecycle mapping for MavenProject: org.shopme:ShopmeBackend:1.0-SNAPSHOT @ C:\Users\akumar5\OneDrive - Infor\Documents\FullStack\ShopMeProject\ShopmeWebParent\ShopmeBackend\pom.xml.
2022-04-18 18:08:51,566 [Worker-8: Building] INFO  o.e.m.c.i.p.WorkspaceClassifierResolverManager - Resolving P/ShopmeCommon: org.example:ShopmeCommon:1.0-SNAPSHOT with classifier  to /ShopmeCommon/target/classes
2022-04-18 18:08:52,379 [Worker-0: Download sources and javadoc] INFO  o.e.m.c.i.p.WorkspaceClassifierResolverManager - Resolving P/ShopmeCommon: org.example:ShopmeCommon:1.0-SNAPSHOT with classifier  to /ShopmeCommon/target/classes
2022-04-18 18:08:52,416 [Worker-0: Download sources and javadoc] INFO  o.e.m.c.i.p.WorkspaceClassifierResolverManager - Resolving P/ShopmeCommon: org.example:ShopmeCommon:1.0-SNAPSHOT with classifier  to /ShopmeCommon/target/classes
2022-04-18 18:08:52,520 [Worker-8: Building] WARN  o.e.m.c.i.embedder.EclipseLogger - Using platform encoding (Cp1252 actually) to copy filtered resources, i.e. build is platform dependent!
2022-04-18 18:08:52,527 [Worker-8: Building] INFO  o.e.m.c.i.embedder.EclipseLogger - Copying 0 resource
2022-04-18 18:08:52,528 [Worker-8: Building] WARN  o.e.m.c.i.embedder.EclipseLogger - Using platform encoding (Cp1252 actually) to copy filtered resources, i.e. build is platform dependent!
2022-04-18 18:08:52,528 [Worker-8: Building] INFO  o.e.m.c.i.embedder.EclipseLogger - skip non existing resourceDirectory C:\Users\akumar5\OneDrive - Infor\Documents\FullStack\ShopMeProject\ShopmeCommon\src\test\resources
2022-04-18 18:08:52,729 [Worker-8: Building] INFO  o.e.m.c.i.l.LifecycleMappingFactory - Using org.eclipse.m2e.jdt.JarLifecycleMapping lifecycle mapping for MavenProject: org.shopme:ShopmeFrontend:1.0-SNAPSHOT @ C:\Users\akumar5\OneDrive - Infor\Documents\FullStack\ShopMeProject\ShopmeWebParent\ShopmeFrontend\pom.xml.
2022-04-18 18:08:53,035 [Worker-8: Building] INFO  o.e.m.c.i.p.WorkspaceClassifierResolverManager - Resolving P/ShopmeCommon: org.example:ShopmeCommon:1.0-SNAPSHOT with classifier  to /ShopmeCommon/target/classes
2022-04-18 18:08:53,295 [Worker-8: Building] WARN  o.e.m.c.i.embedder.EclipseLogger - Using platform encoding (Cp1252 actually) to copy filtered resources, i.e. build is platform dependent!
2022-04-18 18:08:53,297 [Worker-8: Building] INFO  o.e.m.c.i.embedder.EclipseLogger - Copying 2 resources
2022-04-18 18:08:53,308 [Worker-8: Building] WARN  o.e.m.c.i.embedder.EclipseLogger - Using platform encoding (Cp1252 actually) to copy filtered resources, i.e. build is platform dependent!
2022-04-18 18:08:53,310 [Worker-8: Building] INFO  o.e.m.c.i.embedder.EclipseLogger - skip non existing resourceDirectory C:\Users\akumar5\OneDrive - Infor\Documents\FullStack\ShopMeProject\ShopmeWebParent\ShopmeFrontend\src\test\resources
2022-04-18 18:08:53,442 [Worker-8: Building] INFO  o.e.m.c.i.l.LifecycleMappingFactory - Using org.eclipse.m2e.jdt.JarLifecycleMapping lifecycle mapping for MavenProject: org.shopme:ShopmeBackend:1.0-SNAPSHOT @ C:\Users\akumar5\OneDrive - Infor\Documents\FullStack\ShopMeProject\ShopmeWebParent\ShopmeBackend\pom.xml.
2022-04-18 18:08:53,735 [Worker-8: Building] INFO  o.e.m.c.i.p.WorkspaceClassifierResolverManager - Resolving P/ShopmeCommon: org.example:ShopmeCommon:1.0-SNAPSHOT with classifier  to /ShopmeCommon/target/classes
2022-04-18 18:08:53,743 [Worker-8: Building] INFO  o.e.m.c.i.l.LifecycleMappingFactory - Using NULL lifecycle mapping for MavenProject: org.shopme:ShopmeWebParent:1.0-SNAPSHOT @ C:\Users\akumar5\OneDrive - Infor\Documents\FullStack\ShopMeProject\ShopmeWebParent\pom.xml.
2022-04-18 18:08:53,768 [Worker-8: Building] INFO  o.e.m.c.i.p.WorkspaceClassifierResolverManager - Resolving P/ShopmeCommon: org.example:ShopmeCommon:1.0-SNAPSHOT with classifier  to /ShopmeCommon/target/classes
2022-04-18 18:08:53,813 [Worker-8: Building] INFO  o.e.m.c.i.l.LifecycleMappingFactory - Using org.eclipse.m2e.jdt.JarLifecycleMapping lifecycle mapping for MavenProject: org.shopme:ShopmeFrontend:1.0-SNAPSHOT @ C:\Users\akumar5\OneDrive - Infor\Documents\FullStack\ShopMeProject\ShopmeWebParent\ShopmeFrontend\pom.xml.
2022-04-18 18:08:53,836 [Worker-8: Building] INFO  o.e.m.c.i.p.WorkspaceClassifierResolverManager - Resolving P/ShopmeCommon: org.example:ShopmeCommon:1.0-SNAPSHOT with classifier  to /ShopmeCommon/target/classes
2022-04-18 18:08:53,875 [Worker-8: Building] INFO  o.e.m.c.i.l.LifecycleMappingFactory - Using org.eclipse.m2e.jdt.JarLifecycleMapping lifecycle mapping for MavenProject: org.shopme:ShopmeBackend:1.0-SNAPSHOT @ C:\Users\akumar5\OneDrive - Infor\Documents\FullStack\ShopMeProject\ShopmeWebParent\ShopmeBackend\pom.xml.
2022-04-18 18:08:53,893 [Worker-8: Building] INFO  o.e.m.c.i.p.WorkspaceClassifierResolverManager - Resolving P/ShopmeCommon: org.example:ShopmeCommon:1.0-SNAPSHOT with classifier  to /ShopmeCommon/target/classes
2022-04-18 18:08:54,184 [Worker-0: Download sources and javadoc] INFO  o.e.m.c.i.e.AbstractTransferListenerAdapter - Downloading https://repo.maven.apache.org/maven2/org/springframework/data/spring-data-jpa/2.6.3/spring-data-jpa-2.6.3-sources.jar
2022-04-18 18:08:55,033 [Worker-0: Download sources and javadoc] INFO  o.e.m.c.i.e.AbstractTransferListenerAdapter - Downloaded https://repo.maven.apache.org/maven2/org/springframework/data/spring-data-jpa/2.6.3/spring-data-jpa-2.6.3-sources.jar
2022-04-18 18:08:55,170 [Worker-0: Download sources and javadoc] INFO  o.e.m.j.internal.DownloadSourcesJob - Downloaded sources for org.springframework.data:spring-data-jpa:2.6.3
2022-04-18 18:08:55,516 [Worker-0: Download sources and javadoc] INFO  o.e.m.c.i.p.WorkspaceClassifierResolverManager - Resolving P/ShopmeCommon: org.example:ShopmeCommon:1.0-SNAPSHOT with classifier  to /ShopmeCommon/target/classes
2022-04-18 18:08:55,543 [Worker-0: Download sources and javadoc] INFO  o.e.m.c.i.p.WorkspaceClassifierResolverManager - Resolving P/ShopmeCommon: org.example:ShopmeCommon:1.0-SNAPSHOT with classifier  to /ShopmeCommon/target/classes
2022-04-18 18:08:55,782 [Worker-11: Updating Maven Dependencies] INFO  o.e.m.c.i.l.LifecycleMappingFactory - Using org.eclipse.m2e.jdt.JarLifecycleMapping lifecycle mapping for MavenProject: org.shopme:ShopmeBackend:1.0-SNAPSHOT @ C:\Users\akumar5\OneDrive - Infor\Documents\FullStack\ShopMeProject\ShopmeWebParent\ShopmeBackend\pom.xml.
2022-04-18 18:08:55,782 [Worker-4: Building] WARN  o.e.m.c.i.embedder.EclipseLogger - Using platform encoding (Cp1252 actually) to copy filtered resources, i.e. build is platform dependent!
2022-04-18 18:08:55,806 [Worker-4: Building] INFO  o.e.m.c.i.embedder.EclipseLogger - Copying 14 resources
2022-04-18 18:08:55,865 [Worker-4: Building] WARN  o.e.m.c.i.embedder.EclipseLogger - Using platform encoding (Cp1252 actually) to copy filtered resources, i.e. build is platform dependent!
2022-04-18 18:08:55,866 [Worker-4: Building] INFO  o.e.m.c.i.embedder.EclipseLogger - skip non existing resourceDirectory C:\Users\akumar5\OneDrive - Infor\Documents\FullStack\ShopMeProject\ShopmeWebParent\ShopmeBackend\src\test\resources
2022-04-18 18:08:55,992 [Worker-11: Updating Maven Dependencies] INFO  o.e.m.c.i.p.WorkspaceClassifierResolverManager - Resolving P/ShopmeCommon: org.example:ShopmeCommon:1.0-SNAPSHOT with classifier  to /ShopmeCommon/target/classes
2022-04-18 18:08:56,029 [Worker-11: Updating Maven Dependencies] INFO  o.e.m.c.i.l.LifecycleMappingFactory - Using org.eclipse.m2e.jdt.JarLifecycleMapping lifecycle mapping for MavenProject: org.example:ShopmeCommon:1.0-SNAPSHOT @ C:\Users\akumar5\OneDrive - Infor\Documents\FullStack\ShopMeProject\ShopmeCommon\pom.xml.
2022-04-18 18:08:56,049 [Worker-11: Updating Maven Dependencies] INFO  o.e.m.c.i.l.LifecycleMappingFactory - Using NULL lifecycle mapping for MavenProject: org.shopme:ShopmeWebParent:1.0-SNAPSHOT @ C:\Users\akumar5\OneDrive - Infor\Documents\FullStack\ShopMeProject\ShopmeWebParent\pom.xml.
2022-04-18 18:08:56,070 [Worker-11: Updating Maven Dependencies] INFO  o.e.m.c.i.p.WorkspaceClassifierResolverManager - Resolving P/ShopmeCommon: org.example:ShopmeCommon:1.0-SNAPSHOT with classifier  to /ShopmeCommon/target/classes
2022-04-18 18:08:56,100 [Worker-11: Updating Maven Dependencies] INFO  o.e.m.c.i.l.LifecycleMappingFactory - Using org.eclipse.m2e.jdt.JarLifecycleMapping lifecycle mapping for MavenProject: org.shopme:ShopmeFrontend:1.0-SNAPSHOT @ C:\Users\akumar5\OneDrive - Infor\Documents\FullStack\ShopMeProject\ShopmeWebParent\ShopmeFrontend\pom.xml.
2022-04-18 18:08:56,122 [Worker-11: Updating Maven Dependencies] INFO  o.e.m.c.i.p.WorkspaceClassifierResolverManager - Resolving P/ShopmeCommon: org.example:ShopmeCommon:1.0-SNAPSHOT with classifier  to /ShopmeCommon/target/classes
2022-04-18 18:08:56,530 [Worker-0: Download sources and javadoc] INFO  o.e.m.c.i.e.AbstractTransferListenerAdapter - Downloading https://repo.maven.apache.org/maven2/org/springframework/data/spring-data-commons/2.6.3/spring-data-commons-2.6.3-sources.jar
2022-04-18 18:08:57,110 [Worker-8: Building] INFO  o.e.m.c.i.p.WorkspaceClassifierResolverManager - Resolving P/ShopmeCommon: org.example:ShopmeCommon:1.0-SNAPSHOT with classifier  to /ShopmeCommon/target/classes
2022-04-18 18:08:57,140 [Worker-8: Building] INFO  o.e.m.c.i.p.WorkspaceClassifierResolverManager - Resolving P/ShopmeCommon: org.example:ShopmeCommon:1.0-SNAPSHOT with classifier  to /ShopmeCommon/target/classes
2022-04-18 18:08:57,150 [Worker-8: Building] WARN  o.e.m.c.i.embedder.EclipseLogger - Using platform encoding (Cp1252 actually) to copy filtered resources, i.e. build is platform dependent!
2022-04-18 18:08:57,150 [Worker-8: Building] INFO  o.e.m.c.i.embedder.EclipseLogger - Copying 0 resource
2022-04-18 18:08:57,150 [Worker-8: Building] WARN  o.e.m.c.i.embedder.EclipseLogger - Using platform encoding (Cp1252 actually) to copy filtered resources, i.e. build is platform dependent!
2022-04-18 18:08:57,150 [Worker-8: Building] INFO  o.e.m.c.i.embedder.EclipseLogger - skip non existing resourceDirectory C:\Users\akumar5\OneDrive - Infor\Documents\FullStack\ShopMeProject\ShopmeWebParent\ShopmeBackend\src\test\resources
2022-04-18 18:08:57,259 [Worker-8: Building] WARN  o.e.m.c.i.embedder.EclipseLogger - Using platform encoding (Cp1252 actually) to copy filtered resources, i.e. build is platform dependent!
2022-04-18 18:08:57,259 [Worker-8: Building] INFO  o.e.m.c.i.embedder.EclipseLogger - Copying 0 resource
2022-04-18 18:08:57,259 [Worker-8: Building] WARN  o.e.m.c.i.embedder.EclipseLogger - Using platform encoding (Cp1252 actually) to copy filtered resources, i.e. build is platform dependent!
2022-04-18 18:08:57,259 [Worker-8: Building] INFO  o.e.m.c.i.embedder.EclipseLogger - skip non existing resourceDirectory C:\Users\akumar5\OneDrive - Infor\Documents\FullStack\ShopMeProject\ShopmeCommon\src\test\resources
2022-04-18 18:08:57,494 [Worker-8: Building] INFO  o.e.m.c.i.p.WorkspaceClassifierResolverManager - Resolving P/ShopmeCommon: org.example:ShopmeCommon:1.0-SNAPSHOT with classifier  to /ShopmeCommon/target/classes
2022-04-18 18:08:57,509 [Worker-8: Building] INFO  o.e.m.c.i.p.WorkspaceClassifierResolverManager - Resolving P/ShopmeCommon: org.example:ShopmeCommon:1.0-SNAPSHOT with classifier  to /ShopmeCommon/target/classes
2022-04-18 18:08:57,528 [Worker-8: Building] WARN  o.e.m.c.i.embedder.EclipseLogger - Using platform encoding (Cp1252 actually) to copy filtered resources, i.e. build is platform dependent!
2022-04-18 18:08:57,529 [Worker-8: Building] INFO  o.e.m.c.i.embedder.EclipseLogger - Copying 2 resources
2022-04-18 18:08:57,534 [Worker-8: Building] WARN  o.e.m.c.i.embedder.EclipseLogger - Using platform encoding (Cp1252 actually) to copy filtered resources, i.e. build is platform dependent!
2022-04-18 18:08:57,539 [Worker-8: Building] INFO  o.e.m.c.i.embedder.EclipseLogger - skip non existing resourceDirectory C:\Users\akumar5\OneDrive - Infor\Documents\FullStack\ShopMeProject\ShopmeWebParent\ShopmeFrontend\src\test\resources
2022-04-18 18:08:57,858 [Worker-8: Building] INFO  o.e.m.c.i.p.WorkspaceClassifierResolverManager - Resolving P/ShopmeCommon: org.example:ShopmeCommon:1.0-SNAPSHOT with classifier  to /ShopmeCommon/target/classes
2022-04-18 18:08:57,899 [Worker-0: Download sources and javadoc] INFO  o.e.m.c.i.e.AbstractTransferListenerAdapter - Downloaded https://repo.maven.apache.org/maven2/org/springframework/data/spring-data-commons/2.6.3/spring-data-commons-2.6.3-sources.jar
2022-04-18 18:08:57,937 [Worker-0: Download sources and javadoc] INFO  o.e.m.j.internal.DownloadSourcesJob - Downloaded sources for org.springframework.data:spring-data-commons:2.6.3
2022-04-18 18:08:58,907 [Worker-0: Download sources and javadoc] INFO  o.e.m.c.i.e.AbstractTransferListenerAdapter - Downloading https://repo.maven.apache.org/maven2/org/springframework/spring-orm/5.3.17/spring-orm-5.3.17-sources.jar
2022-04-18 18:08:59,672 [Worker-0: Download sources and javadoc] INFO  o.e.m.c.i.e.AbstractTransferListenerAdapter - Downloaded https://repo.maven.apache.org/maven2/org/springframework/spring-orm/5.3.17/spring-orm-5.3.17-sources.jar
2022-04-18 18:08:59,710 [Worker-0: Download sources and javadoc] INFO  o.e.m.j.internal.DownloadSourcesJob - Downloaded sources for org.springframework:spring-orm:5.3.17
2022-04-18 18:09:00,652 [Worker-0: Download sources and javadoc] INFO  o.e.m.c.i.e.AbstractTransferListenerAdapter - Downloading https://repo.maven.apache.org/maven2/org/springframework/spring-jdbc/5.3.17/spring-jdbc-5.3.17-sources.jar
2022-04-18 18:09:01,622 [Worker-0: Download sources and javadoc] INFO  o.e.m.c.i.e.AbstractTransferListenerAdapter - Downloaded https://repo.maven.apache.org/maven2/org/springframework/spring-jdbc/5.3.17/spring-jdbc-5.3.17-sources.jar
2022-04-18 18:09:01,660 [Worker-0: Download sources and javadoc] INFO  o.e.m.j.internal.DownloadSourcesJob - Downloaded sources for org.springframework:spring-jdbc:5.3.17
2022-04-18 18:09:02,646 [Worker-0: Download sources and javadoc] INFO  o.e.m.c.i.e.AbstractTransferListenerAdapter - Downloading https://repo.maven.apache.org/maven2/org/springframework/spring-context/5.3.17/spring-context-5.3.17-sources.jar
2022-04-18 18:09:04,158 [Worker-0: Download sources and javadoc] INFO  o.e.m.c.i.e.AbstractTransferListenerAdapter - Downloaded https://repo.maven.apache.org/maven2/org/springframework/spring-context/5.3.17/spring-context-5.3.17-sources.jar
2022-04-18 18:09:04,195 [Worker-0: Download sources and javadoc] INFO  o.e.m.j.internal.DownloadSourcesJob - Downloaded sources for org.springframework:spring-context:5.3.17
2022-04-18 18:09:05,124 [Worker-0: Download sources and javadoc] INFO  o.e.m.c.i.e.AbstractTransferListenerAdapter - Downloading https://repo.maven.apache.org/maven2/org/springframework/spring-aop/5.3.17/spring-aop-5.3.17-sources.jar
2022-04-18 18:09:06,093 [Worker-0: Download sources and javadoc] INFO  o.e.m.c.i.e.AbstractTransferListenerAdapter - Downloaded https://repo.maven.apache.org/maven2/org/springframework/spring-aop/5.3.17/spring-aop-5.3.17-sources.jar
2022-04-18 18:09:06,144 [Worker-0: Download sources and javadoc] INFO  o.e.m.j.internal.DownloadSourcesJob - Downloaded sources for org.springframework:spring-aop:5.3.17
2022-04-18 18:09:07,118 [Worker-0: Download sources and javadoc] INFO  o.e.m.c.i.e.AbstractTransferListenerAdapter - Downloading https://repo.maven.apache.org/maven2/org/springframework/spring-tx/5.3.17/spring-tx-5.3.17-sources.jar
2022-04-18 18:09:08,151 [Worker-0: Download sources and javadoc] INFO  o.e.m.c.i.e.AbstractTransferListenerAdapter - Downloaded https://repo.maven.apache.org/maven2/org/springframework/spring-tx/5.3.17/spring-tx-5.3.17-sources.jar
2022-04-18 18:09:08,209 [Worker-0: Download sources and javadoc] INFO  o.e.m.j.internal.DownloadSourcesJob - Downloaded sources for org.springframework:spring-tx:5.3.17
2022-04-18 18:09:09,149 [Worker-0: Download sources and javadoc] INFO  o.e.m.c.i.e.AbstractTransferListenerAdapter - Downloading https://repo.maven.apache.org/maven2/org/springframework/spring-beans/5.3.17/spring-beans-5.3.17-sources.jar
2022-04-18 18:09:10,359 [Worker-0: Download sources and javadoc] INFO  o.e.m.c.i.e.AbstractTransferListenerAdapter - Downloaded https://repo.maven.apache.org/maven2/org/springframework/spring-beans/5.3.17/spring-beans-5.3.17-sources.jar
2022-04-18 18:09:10,394 [Worker-0: Download sources and javadoc] INFO  o.e.m.j.internal.DownloadSourcesJob - Downloaded sources for org.springframework:spring-beans:5.3.17
2022-04-18 18:09:11,341 [Worker-0: Download sources and javadoc] INFO  o.e.m.c.i.e.AbstractTransferListenerAdapter - Downloading https://repo.maven.apache.org/maven2/org/springframework/spring-core/5.3.17/spring-core-5.3.17-sources.jar
2022-04-18 18:09:12,659 [Worker-0: Download sources and javadoc] INFO  o.e.m.c.i.e.AbstractTransferListenerAdapter - Downloaded https://repo.maven.apache.org/maven2/org/springframework/spring-core/5.3.17/spring-core-5.3.17-sources.jar
2022-04-18 18:09:12,687 [Worker-0: Download sources and javadoc] INFO  o.e.m.j.internal.DownloadSourcesJob - Downloaded sources for org.springframework:spring-core:5.3.17
2022-04-18 18:09:13,656 [Worker-0: Download sources and javadoc] INFO  o.e.m.c.i.e.AbstractTransferListenerAdapter - Downloading https://repo.maven.apache.org/maven2/org/springframework/spring-jcl/5.3.17/spring-jcl-5.3.17-sources.jar
2022-04-18 18:09:14,136 [Worker-0: Download sources and javadoc] INFO  o.e.m.c.i.e.AbstractTransferListenerAdapter - Downloaded https://repo.maven.apache.org/maven2/org/springframework/spring-jcl/5.3.17/spring-jcl-5.3.17-sources.jar
2022-04-18 18:09:14,177 [Worker-0: Download sources and javadoc] INFO  o.e.m.j.internal.DownloadSourcesJob - Downloaded sources for org.springframework:spring-jcl:5.3.17
2022-04-18 18:09:15,149 [Worker-0: Download sources and javadoc] INFO  o.e.m.c.i.e.AbstractTransferListenerAdapter - Downloading https://repo.maven.apache.org/maven2/org/springframework/boot/spring-boot-starter-test/2.6.6/spring-boot-starter-test-2.6.6-sources.jar
2022-04-18 18:09:15,635 [Worker-0: Download sources and javadoc] INFO  o.e.m.c.i.e.AbstractTransferListenerAdapter - Downloaded https://repo.maven.apache.org/maven2/org/springframework/boot/spring-boot-starter-test/2.6.6/spring-boot-starter-test-2.6.6-sources.jar
2022-04-18 18:09:15,688 [Worker-0: Download sources and javadoc] INFO  o.e.m.j.internal.DownloadSourcesJob - Downloaded sources for org.springframework.boot:spring-boot-starter-test:2.6.6
2022-04-18 18:09:16,670 [Worker-0: Download sources and javadoc] INFO  o.e.m.c.i.e.AbstractTransferListenerAdapter - Downloading https://repo.maven.apache.org/maven2/org/springframework/boot/spring-boot-test/2.6.6/spring-boot-test-2.6.6-sources.jar
2022-04-18 18:09:17,436 [Worker-0: Download sources and javadoc] INFO  o.e.m.c.i.e.AbstractTransferListenerAdapter - Downloaded https://repo.maven.apache.org/maven2/org/springframework/boot/spring-boot-test/2.6.6/spring-boot-test-2.6.6-sources.jar
2022-04-18 18:09:17,481 [Worker-0: Download sources and javadoc] INFO  o.e.m.j.internal.DownloadSourcesJob - Downloaded sources for org.springframework.boot:spring-boot-test:2.6.6
2022-04-18 18:09:18,422 [Worker-0: Download sources and javadoc] INFO  o.e.m.c.i.e.AbstractTransferListenerAdapter - Downloading https://repo.maven.apache.org/maven2/org/springframework/boot/spring-boot-test-autoconfigure/2.6.6/spring-boot-test-autoconfigure-2.6.6-sources.jar
2022-04-18 18:09:19,188 [Worker-0: Download sources and javadoc] INFO  o.e.m.c.i.e.AbstractTransferListenerAdapter - Downloaded https://repo.maven.apache.org/maven2/org/springframework/boot/spring-boot-test-autoconfigure/2.6.6/spring-boot-test-autoconfigure-2.6.6-sources.jar
2022-04-18 18:09:19,231 [Worker-0: Download sources and javadoc] INFO  o.e.m.j.internal.DownloadSourcesJob - Downloaded sources for org.springframework.boot:spring-boot-test-autoconfigure:2.6.6
2022-04-18 18:09:20,149 [Worker-0: Download sources and javadoc] INFO  o.e.m.c.i.e.AbstractTransferListenerAdapter - Downloading https://repo.maven.apache.org/maven2/net/bytebuddy/byte-buddy/1.11.19/byte-buddy-1.11.19-sources.jar
2022-04-18 18:09:21,464 [Worker-3: Building] WARN  o.e.m.c.i.embedder.EclipseLogger - Using platform encoding (Cp1252 actually) to copy filtered resources, i.e. build is platform dependent!
2022-04-18 18:09:21,466 [Worker-3: Building] INFO  o.e.m.c.i.embedder.EclipseLogger - Copying 1 resource
2022-04-18 18:09:21,467 [Worker-3: Building] WARN  o.e.m.c.i.embedder.EclipseLogger - Using platform encoding (Cp1252 actually) to copy filtered resources, i.e. build is platform dependent!
2022-04-18 18:09:21,468 [Worker-3: Building] INFO  o.e.m.c.i.embedder.EclipseLogger - skip non existing resourceDirectory C:\Users\akumar5\OneDrive - Infor\Documents\FullStack\ShopMeProject\ShopmeWebParent\ShopmeBackend\src\test\resources
2022-04-18 18:09:21,593 [Worker-0: Download sources and javadoc] INFO  o.e.m.c.i.e.AbstractTransferListenerAdapter - Downloaded https://repo.maven.apache.org/maven2/net/bytebuddy/byte-buddy/1.11.19/byte-buddy-1.11.19-sources.jar
2022-04-18 18:09:21,697 [Worker-0: Download sources and javadoc] INFO  o.e.m.j.internal.DownloadSourcesJob - Downloaded sources for net.bytebuddy:byte-buddy:1.11.19
2022-04-18 18:09:22,497 [Worker-21: Building] WARN  o.e.m.c.i.embedder.EclipseLogger - Using platform encoding (Cp1252 actually) to copy filtered resources, i.e. build is platform dependent!
2022-04-18 18:09:22,498 [Worker-21: Building] INFO  o.e.m.c.i.embedder.EclipseLogger - Copying 1 resource
2022-04-18 18:09:22,499 [Worker-21: Building] WARN  o.e.m.c.i.embedder.EclipseLogger - Using platform encoding (Cp1252 actually) to copy filtered resources, i.e. build is platform dependent!
2022-04-18 18:09:22,500 [Worker-21: Building] INFO  o.e.m.c.i.embedder.EclipseLogger - skip non existing resourceDirectory C:\Users\akumar5\OneDrive - Infor\Documents\FullStack\ShopMeProject\ShopmeWebParent\ShopmeBackend\src\test\resources
2022-04-18 18:09:22,629 [Worker-0: Download sources and javadoc] INFO  o.e.m.c.i.e.AbstractTransferListenerAdapter - Downloading https://repo.maven.apache.org/maven2/net/bytebuddy/byte-buddy-agent/1.11.19/byte-buddy-agent-1.11.19-sources.jar
2022-04-18 18:09:23,399 [Worker-0: Download sources and javadoc] INFO  o.e.m.c.i.e.AbstractTransferListenerAdapter - Downloaded https://repo.maven.apache.org/maven2/net/bytebuddy/byte-buddy-agent/1.11.19/byte-buddy-agent-1.11.19-sources.jar
2022-04-18 18:09:23,438 [Worker-0: Download sources and javadoc] INFO  o.e.m.j.internal.DownloadSourcesJob - Downloaded sources for net.bytebuddy:byte-buddy-agent:1.11.19
2022-04-18 18:09:24,429 [Worker-0: Download sources and javadoc] INFO  o.e.m.c.i.e.AbstractTransferListenerAdapter - Downloading https://repo.maven.apache.org/maven2/org/springframework/spring-test/5.3.18/spring-test-5.3.18-sources.jar
2022-04-18 18:09:25,626 [Worker-0: Download sources and javadoc] INFO  o.e.m.c.i.e.AbstractTransferListenerAdapter - Downloaded https://repo.maven.apache.org/maven2/org/springframework/spring-test/5.3.18/spring-test-5.3.18-sources.jar
2022-04-18 18:09:25,652 [Worker-0: Download sources and javadoc] INFO  o.e.m.j.internal.DownloadSourcesJob - Downloaded sources for org.springframework:spring-test:5.3.18
2022-04-18 18:09:26,575 [Worker-0: Download sources and javadoc] INFO  o.e.m.c.i.e.AbstractTransferListenerAdapter - Downloading https://repo.maven.apache.org/maven2/org/springframework/security/spring-security-core/5.6.2/spring-security-core-5.6.2-sources.jar
2022-04-18 18:09:27,591 [Worker-0: Download sources and javadoc] INFO  o.e.m.c.i.e.AbstractTransferListenerAdapter - Downloaded https://repo.maven.apache.org/maven2/org/springframework/security/spring-security-core/5.6.2/spring-security-core-5.6.2-sources.jar
2022-04-18 18:09:27,640 [Worker-0: Download sources and javadoc] INFO  o.e.m.j.internal.DownloadSourcesJob - Downloaded sources for org.springframework.security:spring-security-core:5.6.2
2022-04-18 18:09:28,623 [Worker-0: Download sources and javadoc] INFO  o.e.m.c.i.e.AbstractTransferListenerAdapter - Downloading https://repo.maven.apache.org/maven2/org/springframework/security/spring-security-crypto/5.6.2/spring-security-crypto-5.6.2-sources.jar
2022-04-18 18:09:29,169 [Worker-0: Download sources and javadoc] INFO  o.e.m.c.i.e.AbstractTransferListenerAdapter - Downloaded https://repo.maven.apache.org/maven2/org/springframework/security/spring-security-crypto/5.6.2/spring-security-crypto-5.6.2-sources.jar
2022-04-18 18:09:29,211 [Worker-0: Download sources and javadoc] INFO  o.e.m.j.internal.DownloadSourcesJob - Downloaded sources for org.springframework.security:spring-security-crypto:5.6.2
